<?xml version="1.0" encoding="UTF-8"?>
<!-- Generated by org.testng.reporters.JUnitReportReporter -->
<testsuite skipped="0" hostname="D2-PC" name="Testng.OpenGoogle" tests="2" failures="0" timestamp="16 Sep 2017 09:27:16 GMT" time="11.335" errors="0">
  <testcase name="openGoogle" time="6.767" classname="Testng.OpenGoogle"/>
  <testcase name="openBing" time="4.568" classname="Testng.OpenGoogle"/>
</testsuite> <!-- Testng.OpenGoogle -->
